<?xml version="1.0" encoding="UTF-8"?>
<!-- Generated by org.testng.reporters.JUnitReportReporter -->
<testsuite hostname="IKCON1037" failures="0" tests="1" name="Runner.Umsrunner" time="179.340" errors="0" timestamp="2023-12-08T18:16:59 IST" skipped="0">
  <testcase classname="Runner.Umsrunner" name="runScenario" time="179.340"/>
</testsuite> <!-- Runner.Umsrunner -->
